<?xml version="1.0" encoding="UTF-8" standalone="yes"?>
<testsuites name="TS-FindJob (1)" time="9" tests="1" failures="0" errors="0">
    <testsuite name="TS-FindJob (1)" tests="1" failures="0" errors="0" time="9" timestamp="2019-08-17 14:23:14" hostname="Dell - Rangsit.mshome.net" id="Test Suites/TS-FindJob (1)">
        <properties>
            <property name="deviceName" value=""/>
            <property name="devicePlatform" value=""/>
            <property name="logFolder" value="C:\\Users\\Dell\\Desktop\\Katalon Training\\Katalon Web\\TestGit\\TestGit01\\KatalonTest01\\KatalonTest01\\Reports\\TS-FindJob (1)\\20190817_142312"/>
            <property name="logFiles" value="C:\\Users\\Dell\\Desktop\\Katalon Training\\Katalon Web\\TestGit\\TestGit01\\KatalonTest01\\KatalonTest01\\Reports\\TS-FindJob (1)\\20190817_142312\\execution0.log"/>
            <property name="attachments" value=""/>
            <property name="hostName" value="Dell - Rangsit.mshome.net"/>
            <property name="os" value="Windows 10 64bit"/>
            <property name="katalonVersion" value="6.2.2.4"/>
            <property name="browser" value="Firefox 66.0"/>
            <property name="hostAddress" value="172.17.4.49"/>
            <property name="sessionId" value="7d6980d7-cd75-4f73-ba47-236f5b762d50"/>
            <property name="seleniumVersion" value="3.141.59"/>
            <property name="proxyInformation" value="ProxyInformation{proxyOption=NO_PROXY, proxyServerType=HTTP, password=, proxyServerAddress=, proxyServerPort=0}"/>
            <property name="platform" value="Windows 10"/>
        </properties>
        <testcase name="Test Cases/TC-Ex_indeed" classname="Test Cases/TC-Ex_indeed" status="PASSED">
            <system-out>2019-08-17 14:23:14 - [TEST_CASE][PASSED] - Test Cases/TC-Ex_indeed: Test Cases/TC-Ex_indeed&#xD;
&#xD;
2019-08-17 14:23:15 - [TEST_STEP][PASSED] - openBrowser(""): Browser is opened with url: ''&#xD;
&#xD;
2019-08-17 14:23:15 - [MESSAGE][INFO] - Starting 'Firefox' driver&#xD;
&#xD;
2019-08-17 14:23:15 - [MESSAGE][INFO] - Action delay is set to 0 seconds&#xD;
&#xD;
2019-08-17 14:23:19 - [MESSAGE][PASSED] - Browser is opened with url: ''&#xD;
&#xD;
2019-08-17 14:23:19 - [TEST_STEP][PASSED] - navigateToUrl("https://th.indeed.com/"): Navigate to 'https://th.indeed.com/' successfully&#xD;
&#xD;
2019-08-17 14:23:20 - [MESSAGE][PASSED] - Navigate to 'https://th.indeed.com/' successfully&#xD;
&#xD;
2019-08-17 14:23:20 - [TEST_STEP][PASSED] - setText(findTestObject("Indeed/what"), "Automated Test"): Text 'Automated Test' is set on object 'Object Repository/Indeed/what'&#xD;
&#xD;
2019-08-17 14:23:21 - [MESSAGE][PASSED] - Text 'Automated Test' is set on object 'Object Repository/Indeed/what'&#xD;
&#xD;
2019-08-17 14:23:21 - [TEST_STEP][PASSED] - sendKeys(findTestObject("Indeed/where"), Keys.chord(CONTROL, "a", DELETE)): Keys 'CONTROL + DELETE + a' sent to object: 'Object Repository/Indeed/where'&#xD;
&#xD;
2019-08-17 14:23:21 - [MESSAGE][PASSED] - Keys 'CONTROL + DELETE + a' sent to object: 'Object Repository/Indeed/where'&#xD;
&#xD;
2019-08-17 14:23:21 - [TEST_STEP][NOT_RUN] - delay(3): NOT_RUN: delay(3)&#xD;
&#xD;
2019-08-17 14:23:21 - [MESSAGE][NOT_RUN] - NOT_RUN: delay(3)&#xD;
&#xD;
2019-08-17 14:23:21 - [TEST_STEP][PASSED] - setText(findTestObject("Indeed/where"), "Bangkok"): Text 'Bangkok' is set on object 'Object Repository/Indeed/where'&#xD;
&#xD;
2019-08-17 14:23:21 - [MESSAGE][PASSED] - Text 'Bangkok' is set on object 'Object Repository/Indeed/where'&#xD;
&#xD;
2019-08-17 14:23:21 - [TEST_STEP][PASSED] - click(findTestObject("Indeed/findJobs")): Object: 'Object Repository/Indeed/findJobs' is clicked on&#xD;
&#xD;
2019-08-17 14:23:22 - [MESSAGE][PASSED] - Object: 'Object Repository/Indeed/findJobs' is clicked on&#xD;
&#xD;
2019-08-17 14:23:22 - [TEST_STEP][PASSED] - output = getText(findTestObject("Indeed/results")): Text of object 'Object Repository/Indeed/results' is: 'Page 1 of 144 jobs'&#xD;
&#xD;
2019-08-17 14:23:22 - [MESSAGE][PASSED] - Text of object 'Object Repository/Indeed/results' is: 'Page 1 of 144 jobs'&#xD;
&#xD;
2019-08-17 14:23:22 - [TEST_STEP][PASSED] - println(output): null&#xD;
&#xD;
2019-08-17 14:23:22 - [TEST_STEP][PASSED] - if (verifyMatch(output, ".* jobs", true)): Pass: Actual Result matches Expected Result&#xD;
&#xD;
2019-08-17 14:23:22 - [MESSAGE][PASSED] - Actual text 'Page 1 of 144 jobs' and expected text '.* jobs' are matched  using regular expression&#xD;
&#xD;
2019-08-17 14:23:22 - [TEST_STEP][PASSED] - markPassed("Pass: Actual Result matches Expected Result"): Pass: Actual Result matches Expected Result&#xD;
&#xD;
2019-08-17 14:23:22 - [MESSAGE][PASSED] - Pass: Actual Result matches Expected Result&#xD;
&#xD;
2019-08-17 14:23:22 - [TEST_STEP][PASSED] - closeBrowser(): Browser is closed&#xD;
&#xD;
2019-08-17 14:23:23 - [MESSAGE][PASSED] - Browser is closed&#xD;
&#xD;
2019-08-17 14:23:23 - [TEST_STEP][PASSED] - Start listener action : sampleAfterTestCase: null</system-out>
            <system-err></system-err>
        </testcase>
        <system-out>2019-08-17 14:23:14 - [TEST_SUITE][INCOMPLETE] - TS-FindJob (1): null</system-out>
        <system-err>2019-08-17 14:23:14 - [TEST_SUITE][INCOMPLETE] - TS-FindJob (1): null</system-err>
    </testsuite>
</testsuites>
